000 (13267571.000.000) 04/27 11:52:51 Job submitted from host: <188.185.72.155:9618?addrs=188.185.72.155-9618+[2001-1458-d00-8--100-95]-9618&alias=bigbird08.cern.ch&noUDP&sock=schedd_325208_3782>
...
040 (13267571.000.000) 04/27 11:53:57 Started transferring input files
	Transferring to host: <188.184.195.76:9618?addrs=188.184.195.76-9618+[2001-1458-301-72--100-26e]-9618&alias=b7g47n7576.cern.ch&noUDP&sock=slot1_1_2024_d74b_4520>
...
040 (13267571.000.000) 04/27 11:53:57 Finished transferring input files
...
001 (13267571.000.000) 04/27 11:53:58 Job executing on host: <188.184.195.76:9618?addrs=188.184.195.76-9618+[2001-1458-301-72--100-26e]-9618&alias=b7g47n7576.cern.ch&noUDP&sock=startd_1758_6b95>
...
006 (13267571.000.000) 04/27 11:54:02 Image size of job updated: 38692
	0  -  MemoryUsage of job (MB)
	0  -  ResidentSetSize of job (KB)
...
040 (13267571.000.000) 04/27 11:54:02 Started transferring output files
...
040 (13267571.000.000) 04/27 11:54:02 Finished transferring output files
...
005 (13267571.000.000) 04/27 11:54:02 Job terminated.
	(1) Normal termination (return value 127)
		Usr 0 00:00:00, Sys 0 00:00:00  -  Run Remote Usage
		Usr 0 00:00:00, Sys 0 00:00:00  -  Run Local Usage
		Usr 0 00:00:00, Sys 0 00:00:00  -  Total Remote Usage
		Usr 0 00:00:00, Sys 0 00:00:00  -  Total Local Usage
	4999  -  Run Bytes Sent By Job
	403  -  Run Bytes Received By Job
	4999  -  Total Bytes Sent By Job
	403  -  Total Bytes Received By Job
	Partitionable Resources :    Usage  Request Allocated Assigned
	   Cpus                 :                 4         4 
	   Disk (KB)            :       19        1    178550 
	   Gpus (Average)       :                 1         1 "GPU-49ed0b80"
	   Memory (MB)          :        0     8000      8000 

	Job terminated of its own accord at 2023-04-27T09:54:02Z.
...
