000 (13267572.000.000) 04/27 11:56:22 Job submitted from host: <188.185.72.155:9618?addrs=188.185.72.155-9618+[2001-1458-d00-8--100-95]-9618&alias=bigbird08.cern.ch&noUDP&sock=schedd_325208_3782>
...
040 (13267572.000.000) 04/27 11:56:41 Started transferring input files
	Transferring to host: <128.142.241.120:9618?addrs=128.142.241.120-9618+[2001-1458-301-ce--100-37a]-9618&alias=b7g47n2579.cern.ch&noUDP&sock=slot1_4_2516_7fdf_4561>
...
040 (13267572.000.000) 04/27 11:56:41 Finished transferring input files
...
001 (13267572.000.000) 04/27 11:56:42 Job executing on host: <128.142.241.120:9618?addrs=128.142.241.120-9618+[2001-1458-301-ce--100-37a]-9618&alias=b7g47n2579.cern.ch&noUDP&sock=startd_2209_c4cc>
...
006 (13267572.000.000) 04/27 11:56:47 Image size of job updated: 143280
	0  -  MemoryUsage of job (MB)
	0  -  ResidentSetSize of job (KB)
...
040 (13267572.000.000) 04/27 11:56:47 Started transferring output files
...
040 (13267572.000.000) 04/27 11:56:47 Finished transferring output files
...
005 (13267572.000.000) 04/27 11:56:47 Job terminated.
	(1) Normal termination (return value 127)
		Usr 0 00:00:01, Sys 0 00:00:01  -  Run Remote Usage
		Usr 0 00:00:00, Sys 0 00:00:00  -  Run Local Usage
		Usr 0 00:00:01, Sys 0 00:00:01  -  Total Remote Usage
		Usr 0 00:00:00, Sys 0 00:00:00  -  Total Local Usage
	5037  -  Run Bytes Sent By Job
	427  -  Run Bytes Received By Job
	5037  -  Total Bytes Sent By Job
	427  -  Total Bytes Received By Job
	Partitionable Resources :    Usage  Request Allocated Assigned
	   Cpus                 :                 4         4 
	   Disk (KB)            :       20        1    491975 
	   Gpus (Average)       :                 1         1 "GPU-8c5fa06f"
	   Memory (MB)          :        0     8000      8000 

	Job terminated of its own accord at 2023-04-27T09:56:46Z.
...
