000 (13267691.000.000) 04/27 20:24:00 Job submitted from host: <188.185.72.155:9618?addrs=188.185.72.155-9618+[2001-1458-d00-8--100-95]-9618&alias=bigbird08.cern.ch&noUDP&sock=schedd_325208_3782>
...
040 (13267691.000.000) 04/27 20:24:46 Started transferring input files
	Transferring to host: <128.142.241.52:9618?addrs=128.142.241.52-9618+[2001-1458-301-ce--100-12b]-9618&alias=b7g47n4052.cern.ch&noUDP&sock=slot1_1_2254_e595_4788>
...
040 (13267691.000.000) 04/27 20:24:46 Finished transferring input files
...
001 (13267691.000.000) 04/27 20:24:47 Job executing on host: <128.142.241.52:9618?addrs=128.142.241.52-9618+[2001-1458-301-ce--100-12b]-9618&alias=b7g47n4052.cern.ch&noUDP&sock=startd_2167_f5d1>
...
006 (13267691.000.000) 04/27 20:24:56 Image size of job updated: 5508
	4  -  MemoryUsage of job (MB)
	3556  -  ResidentSetSize of job (KB)
...
006 (13267691.000.000) 04/27 20:25:00 Image size of job updated: 1926928
	4  -  MemoryUsage of job (MB)
	3596  -  ResidentSetSize of job (KB)
...
040 (13267691.000.000) 04/27 20:25:00 Started transferring output files
...
040 (13267691.000.000) 04/27 20:25:00 Finished transferring output files
...
005 (13267691.000.000) 04/27 20:25:01 Job terminated.
	(1) Normal termination (return value 1)
		Usr 0 00:00:01, Sys 0 00:00:01  -  Run Remote Usage
		Usr 0 00:00:00, Sys 0 00:00:00  -  Run Local Usage
		Usr 0 00:00:01, Sys 0 00:00:01  -  Total Remote Usage
		Usr 0 00:00:00, Sys 0 00:00:00  -  Total Local Usage
	6371  -  Run Bytes Sent By Job
	437  -  Run Bytes Received By Job
	6371  -  Total Bytes Sent By Job
	437  -  Total Bytes Received By Job
	Partitionable Resources :    Usage  Request Allocated Assigned
	   Cpus                 :                 4         4 
	   Disk (KB)            :       20        1     87570 
	   Gpus (Average)       :                 1         1 "GPU-c008e977"
	   Memory (MB)          :        4     8000      8000 

	Job terminated of its own accord at 2023-04-27T18:25:00Z.
...
