CentOS Linux release 7.9.2009 (Core) 
Starting environment
/eos/user/y/ymaidann/eth_project/Spanet_project/SPANet
Training
python -m spanet.train -of options_files/my_tth_shallow.json --epochs 1 --gpus 1
Extension horovod.torch has not been built: /cvmfs/sft.cern.ch/lcg/views/LCG_103/x86_64-centos7-gcc11-opt/lib/python3.9/site-packages/horovod/torch/mpi_lib_v2.cpython-39-x86_64-linux-gnu.so not found
If this is not expected, reinstall Horovod with HOROVOD_WITH_PYTORCH=1 to debug the build error.
Warning! MPI libs are missing, but python applications are still available.
Overriding GPU count: 1
Overriding Number of Epochs: 1
                                 Configuration                                  
┏━━━━━━━━━━━━━━━━━━━━━━━━━━━━━━━━━━━━┳━━━━━━━━━━━━━━━━━━━━━━━━━━━━━━━━━━━━━━━━━┓
┃ Parameter                          ┃ Value                                   ┃
┡━━━━━━━━━━━━━━━━━━━━━━━━━━━━━━━━━━━━╇━━━━━━━━━━━━━━━━━━━━━━━━━━━━━━━━━━━━━━━━━┩
│ assignment_loss_scale              │ 1.0                                     │
│ balance_classifications            │ False                                   │
│ balance_jets                       │ 0                                       │
│ balance_losses                     │ True                                    │
│ balance_particles                  │ 1                                       │
│ batch_size                         │ 1024                                    │
│ classification_loss_scale          │ 0.0                                     │
│ combinatorial_scale                │ 0.0                                     │
│ combine_pair_loss                  │ min                                     │
│ dataset_limit                      │ 1.0                                     │
│ dataset_randomization              │ 0                                       │
│ detection_loss_scale               │ 0.0                                     │
│ dropout                            │ 0.1                                     │
│ epochs                             │ 1                                       │
│ event_info_file                    │ /eos/user/y/ymaidann/eth_project/Spane… │
│ focal_gamma                        │ 1.0                                     │
│ gradient_clip                      │ 0.0                                     │
│ hidden_dim                         │ 32                                      │
│ initial_embedding_dim              │ 16                                      │
│ initial_embedding_skip_connections │ 1                                       │
│ kl_loss_scale                      │ 1.0                                     │
│ l2_penalty                         │ 0.0002                                  │
│ learning_rate                      │ 0.001                                   │
│ learning_rate_cycles               │ 1                                       │
│ learning_rate_warmup_epochs        │ 1.0                                     │
│ limit_to_num_jets                  │ 0                                       │
│ linear_activation                  │ gelu                                    │
│ linear_block_type                  │ GRU                                     │
│ linear_prelu_activation            │ True                                    │
│ mask_sequence_vectors              │ 1                                       │
│ masking                            │ Multiplicative                          │
│ normalization                      │ LayerNorm                               │
│ normalize_features                 │ 1                                       │
│ num_attention_heads                │ 4                                       │
│ num_branch_embedding_layers        │ 2                                       │
│ num_branch_encoder_layers          │ 2                                       │
│ num_classification_layers          │ 4                                       │
│ num_dataloader_workers             │ 4                                       │
│ num_detector_layers                │ 1                                       │
│ num_embedding_layers               │ 5                                       │
│ num_encoder_layers                 │ 3                                       │
│ num_gpu                            │ 1                                       │
│ num_jet_embedding_layers           │ 0                                       │
│ num_jet_encoder_layers             │ 1                                       │
│ num_regression_layers              │ 1                                       │
│ optimizer                          │ AdamW                                   │
│ partial_events                     │ 1                                       │
│ position_embedding_dim             │ 32                                      │
│ regression_loss_scale              │ 0.0                                     │
│ skip_connections                   │ 1                                       │
│ split_symmetric_attention          │ 1                                       │
│ testing_file                       │                                         │
│ train_validation_split             │ 0.95                                    │
│ training_file                      │ /eos/user/y/ymaidann/eth_project/Spane… │
│ transformer_activation             │ gelu                                    │
│ transformer_dim                    │ 128                                     │
│ transformer_dim_scale              │ 2.0                                     │
│ transformer_type                   │ Gated                                   │
│ trial_output_dir                   │ ./test_output                           │
│ trial_time                         │                                         │
│ usable_gpus                        │                                         │
│ validation_file                    │                                         │
│ verbose_output                     │ False                                   │
└────────────────────────────────────┴─────────────────────────────────────────┘
Index Range: 0...554935
Index Range: 554936...584142
